0 info it worked if it ends with ok
1 verbose cli [ '/Users/andi/.nvm/versions/node/v0.12.7/bin/node',
1 verbose cli   '/Users/andi/.nvm/versions/node/v0.12.7/bin/npm',
1 verbose cli   'i',
1 verbose cli   '--save-dev',
1 verbose cli   'gulp-precss' ]
2 info using npm@2.11.3
3 info using node@v0.12.7
4 verbose install initial load of /Users/andi/workspace/d8play/repository/themes/nameless/package.json
5 verbose installManyTop reading scoped package data from /Users/andi/workspace/d8play/repository/themes/nameless/node_modules/autoprefixer-core/package.json
6 verbose installManyTop reading scoped package data from /Users/andi/workspace/d8play/repository/themes/nameless/node_modules/backstopjs/package.json
7 verbose installManyTop reading scoped package data from /Users/andi/workspace/d8play/repository/themes/nameless/node_modules/browser-sync/package.json
8 verbose installManyTop reading scoped package data from /Users/andi/workspace/d8play/repository/themes/nameless/node_modules/chalk/package.json
9 verbose installManyTop reading scoped package data from /Users/andi/workspace/d8play/repository/themes/nameless/node_modules/css-mqpacker/package.json
10 verbose installManyTop reading scoped package data from /Users/andi/workspace/d8play/repository/themes/nameless/node_modules/cssnext/package.json
11 verbose installManyTop reading scoped package data from /Users/andi/workspace/d8play/repository/themes/nameless/node_modules/csswring/package.json
12 verbose installManyTop reading scoped package data from /Users/andi/workspace/d8play/repository/themes/nameless/node_modules/del/package.json
13 verbose installManyTop reading scoped package data from /Users/andi/workspace/d8play/repository/themes/nameless/node_modules/fs/package.json
14 verbose installManyTop reading scoped package data from /Users/andi/workspace/d8play/repository/themes/nameless/node_modules/growly/package.json
15 verbose installManyTop reading scoped package data from /Users/andi/workspace/d8play/repository/themes/nameless/node_modules/gulp/package.json
16 verbose installManyTop reading scoped package data from /Users/andi/workspace/d8play/repository/themes/nameless/node_modules/gulp-cache/package.json
17 verbose installManyTop reading scoped package data from /Users/andi/workspace/d8play/repository/themes/nameless/node_modules/gulp-changed/package.json
18 verbose installManyTop reading scoped package data from /Users/andi/workspace/d8play/repository/themes/nameless/node_modules/gulp-chug/package.json
19 verbose installManyTop reading scoped package data from /Users/andi/workspace/d8play/repository/themes/nameless/node_modules/gulp-clean/package.json
20 verbose installManyTop reading scoped package data from /Users/andi/workspace/d8play/repository/themes/nameless/node_modules/gulp-csso/package.json
21 verbose installManyTop reading scoped package data from /Users/andi/workspace/d8play/repository/themes/nameless/node_modules/gulp-exit/package.json
22 verbose installManyTop reading scoped package data from /Users/andi/workspace/d8play/repository/themes/nameless/node_modules/gulp-flatten/package.json
23 verbose installManyTop reading scoped package data from /Users/andi/workspace/d8play/repository/themes/nameless/node_modules/gulp-help/package.json
24 verbose installManyTop reading scoped package data from /Users/andi/workspace/d8play/repository/themes/nameless/node_modules/gulp-if/package.json
25 verbose installManyTop reading scoped package data from /Users/andi/workspace/d8play/repository/themes/nameless/node_modules/gulp-imagemin/package.json
26 verbose installManyTop reading scoped package data from /Users/andi/workspace/d8play/repository/themes/nameless/node_modules/gulp-inject/package.json
27 verbose installManyTop reading scoped package data from /Users/andi/workspace/d8play/repository/themes/nameless/node_modules/gulp-jscs/package.json
28 verbose installManyTop reading scoped package data from /Users/andi/workspace/d8play/repository/themes/nameless/node_modules/gulp-jshint/package.json
29 verbose installManyTop reading scoped package data from /Users/andi/workspace/d8play/repository/themes/nameless/node_modules/gulp-livereload/package.json
30 verbose installManyTop reading scoped package data from /Users/andi/workspace/d8play/repository/themes/nameless/node_modules/gulp-load-plugins/package.json
31 verbose installManyTop reading scoped package data from /Users/andi/workspace/d8play/repository/themes/nameless/node_modules/gulp-notify/package.json
32 verbose installManyTop reading scoped package data from /Users/andi/workspace/d8play/repository/themes/nameless/node_modules/gulp-plumber/package.json
33 verbose installManyTop reading scoped package data from /Users/andi/workspace/d8play/repository/themes/nameless/node_modules/gulp-postcss/package.json
34 verbose installManyTop reading scoped package data from /Users/andi/workspace/d8play/repository/themes/nameless/node_modules/gulp-rename/package.json
35 verbose installManyTop reading scoped package data from /Users/andi/workspace/d8play/repository/themes/nameless/node_modules/gulp-replace/package.json
36 verbose installManyTop reading scoped package data from /Users/andi/workspace/d8play/repository/themes/nameless/node_modules/gulp-size/package.json
37 verbose installManyTop reading scoped package data from /Users/andi/workspace/d8play/repository/themes/nameless/node_modules/gulp-sourcemaps/package.json
38 verbose installManyTop reading scoped package data from /Users/andi/workspace/d8play/repository/themes/nameless/node_modules/gulp-uglify/package.json
39 verbose installManyTop reading scoped package data from /Users/andi/workspace/d8play/repository/themes/nameless/node_modules/gulp-uncss/package.json
40 verbose installManyTop reading scoped package data from /Users/andi/workspace/d8play/repository/themes/nameless/node_modules/gulp-useref/package.json
41 verbose installManyTop reading scoped package data from /Users/andi/workspace/d8play/repository/themes/nameless/node_modules/gulp-util/package.json
42 verbose installManyTop reading scoped package data from /Users/andi/workspace/d8play/repository/themes/nameless/node_modules/inquirer/package.json
43 verbose installManyTop reading scoped package data from /Users/andi/workspace/d8play/repository/themes/nameless/node_modules/jshint-stylish/package.json
44 verbose installManyTop reading scoped package data from /Users/andi/workspace/d8play/repository/themes/nameless/node_modules/lodash/package.json
45 verbose installManyTop reading scoped package data from /Users/andi/workspace/d8play/repository/themes/nameless/node_modules/main-bower-files/package.json
46 verbose installManyTop reading scoped package data from /Users/andi/workspace/d8play/repository/themes/nameless/node_modules/map-stream/package.json
47 verbose installManyTop reading scoped package data from /Users/andi/workspace/d8play/repository/themes/nameless/node_modules/moment/package.json
48 verbose installManyTop reading scoped package data from /Users/andi/workspace/d8play/repository/themes/nameless/node_modules/ngrok/package.json
49 verbose installManyTop reading scoped package data from /Users/andi/workspace/d8play/repository/themes/nameless/node_modules/opn/package.json
50 verbose installManyTop reading scoped package data from /Users/andi/workspace/d8play/repository/themes/nameless/node_modules/postcss-import/package.json
51 verbose installManyTop reading scoped package data from /Users/andi/workspace/d8play/repository/themes/nameless/node_modules/postcss-mixins/package.json
52 verbose installManyTop reading scoped package data from /Users/andi/workspace/d8play/repository/themes/nameless/node_modules/postcss-nested/package.json
53 verbose installManyTop reading scoped package data from /Users/andi/workspace/d8play/repository/themes/nameless/node_modules/postcss-simple-vars/package.json
54 verbose installManyTop reading scoped package data from /Users/andi/workspace/d8play/repository/themes/nameless/node_modules/precss/package.json
55 verbose installManyTop reading scoped package data from /Users/andi/workspace/d8play/repository/themes/nameless/node_modules/psi/package.json
56 verbose installManyTop reading scoped package data from /Users/andi/workspace/d8play/repository/themes/nameless/node_modules/q/package.json
57 verbose installManyTop reading scoped package data from /Users/andi/workspace/d8play/repository/themes/nameless/node_modules/require-dir/package.json
58 verbose installManyTop reading scoped package data from /Users/andi/workspace/d8play/repository/themes/nameless/node_modules/run-sequence/package.json
59 verbose installManyTop reading scoped package data from /Users/andi/workspace/d8play/repository/themes/nameless/node_modules/stream-combiner/package.json
60 verbose installManyTop reading scoped package data from /Users/andi/workspace/d8play/repository/themes/nameless/node_modules/strip-json-comments/package.json
61 info package.json fs@0.0.2 fs is also the name of a node core module.
62 info package.json fs@0.0.2 No description
63 info package.json fs@0.0.2 No repository field.
64 info package.json gulp-clean@0.3.1 No license field.
65 info package.json gulp-if@1.2.5 No license field.
66 info package.json gulp-inject@1.5.0 No license field.
67 info package.json gulp-notify@2.2.0 No license field.
68 info package.json gulp-rename@1.2.2 No license field.
69 info package.json q@1.4.1 license should be a valid SPDX license expression
70 info package.json backstopjs@0.5.1 No license field.
71 verbose readDependencies loading dependencies from /Users/andi/workspace/d8play/repository/themes/nameless/package.json
72 silly cache add args [ 'gulp-precss', null ]
73 verbose cache add spec gulp-precss
74 silly cache add parsed spec { raw: 'gulp-precss',
74 silly cache add   scope: null,
74 silly cache add   name: 'gulp-precss',
74 silly cache add   rawSpec: '',
74 silly cache add   spec: '*',
74 silly cache add   type: 'range' }
75 silly addNamed gulp-precss@*
76 verbose addNamed "*" is a valid semver range for gulp-precss
77 silly addNameRange { name: 'gulp-precss', range: '*', hasData: false }
78 silly mapToRegistry name gulp-precss
79 silly mapToRegistry using default registry
80 silly mapToRegistry registry https://registry.npmjs.org/
81 silly mapToRegistry uri https://registry.npmjs.org/gulp-precss
82 verbose addNameRange registry:https://registry.npmjs.org/gulp-precss not in flight; fetching
83 verbose request uri https://registry.npmjs.org/gulp-precss
84 verbose request no auth needed
85 info attempt registry request try #1 at 9:24:25 PM
86 verbose request id 0c35caf195dedcac
87 http request GET https://registry.npmjs.org/gulp-precss
88 http 404 https://registry.npmjs.org/gulp-precss
89 verbose headers { 'content-type': 'application/json',
89 verbose headers   'cache-control': 'max-age=0',
89 verbose headers   'content-length': '2',
89 verbose headers   'accept-ranges': 'bytes',
89 verbose headers   date: 'Tue, 25 Aug 2015 19:24:25 GMT',
89 verbose headers   via: '1.1 varnish',
89 verbose headers   age: '0',
89 verbose headers   connection: 'keep-alive',
89 verbose headers   'x-served-by': 'cache-lhr6332-LHR',
89 verbose headers   'x-cache': 'MISS',
89 verbose headers   'x-cache-hits': '0',
89 verbose headers   'x-timer': 'S1440530665.694595,VS0,VE93' }
90 silly get cb [ 404,
90 silly get   { 'content-type': 'application/json',
90 silly get     'cache-control': 'max-age=0',
90 silly get     'content-length': '2',
90 silly get     'accept-ranges': 'bytes',
90 silly get     date: 'Tue, 25 Aug 2015 19:24:25 GMT',
90 silly get     via: '1.1 varnish',
90 silly get     age: '0',
90 silly get     connection: 'keep-alive',
90 silly get     'x-served-by': 'cache-lhr6332-LHR',
90 silly get     'x-cache': 'MISS',
90 silly get     'x-cache-hits': '0',
90 silly get     'x-timer': 'S1440530665.694595,VS0,VE93' } ]
91 verbose stack Error: Registry returned 404 for GET on https://registry.npmjs.org/gulp-precss
91 verbose stack     at CachingRegistryClient.<anonymous> (/Users/andi/.nvm/versions/node/v0.12.7/lib/node_modules/npm/node_modules/npm-registry-client/lib/request.js:239:14)
91 verbose stack     at Request._callback (/Users/andi/.nvm/versions/node/v0.12.7/lib/node_modules/npm/node_modules/npm-registry-client/lib/request.js:170:14)
91 verbose stack     at Request.self.callback (/Users/andi/.nvm/versions/node/v0.12.7/lib/node_modules/npm/node_modules/request/request.js:354:22)
91 verbose stack     at Request.emit (events.js:110:17)
91 verbose stack     at Request.<anonymous> (/Users/andi/.nvm/versions/node/v0.12.7/lib/node_modules/npm/node_modules/request/request.js:1207:14)
91 verbose stack     at Request.emit (events.js:129:20)
91 verbose stack     at IncomingMessage.<anonymous> (/Users/andi/.nvm/versions/node/v0.12.7/lib/node_modules/npm/node_modules/request/request.js:1153:12)
91 verbose stack     at IncomingMessage.emit (events.js:129:20)
91 verbose stack     at _stream_readable.js:908:16
91 verbose stack     at process._tickCallback (node.js:355:11)
92 verbose statusCode 404
93 verbose pkgid gulp-precss
94 verbose cwd /Users/andi/workspace/d8play/repository/themes/nameless
95 error Darwin 14.5.0
96 error argv "/Users/andi/.nvm/versions/node/v0.12.7/bin/node" "/Users/andi/.nvm/versions/node/v0.12.7/bin/npm" "i" "--save-dev" "gulp-precss"
97 error node v0.12.7
98 error npm  v2.11.3
99 error code E404
100 error 404 Registry returned 404 for GET on https://registry.npmjs.org/gulp-precss
100 error 404
100 error 404 'gulp-precss' is not in the npm registry.
100 error 404 You should bug the author to publish it (or use the name yourself!)
100 error 404 It was specified as a dependency of 'nameless'
100 error 404
100 error 404 Note that you can also install from a
100 error 404 tarball, folder, http url, or git url.
101 verbose exit [ 1, true ]
